-------------------------------------------------------------------------------
Test set: kth.sonarqube.AppTest
-------------------------------------------------------------------------------
Tests run: 1, Failures: 1, Errors: 0, Skipped: 0, Time elapsed: 0.064 s <<< FAILURE! - in kth.sonarqube.AppTest
shouldAnswerWithTrue(kth.sonarqube.AppTest)  Time elapsed: 0.007 s  <<< FAILURE!
java.lang.AssertionError
	at kth.sonarqube.AppTest.shouldAnswerWithTrue(AppTest.java:18)

